{"/Users/L063828/Documents/SAMPLE/my-angular-node-app/backend/server.js": {"path":"/Users/L063828/Documents/SAMPLE/my-angular-node-app/backend/server.js","statementMap":{"0":{"start":{"line":1,"column":16},"end":{"line":1,"column":34}},"1":{"start":{"line":2,"column":13},"end":{"line":2,"column":28}},"2":{"start":{"line":3,"column":17},"end":{"line":3,"column":30}},"3":{"start":{"line":4,"column":15},"end":{"line":4,"column":32}},"4":{"start":{"line":6,"column":0},"end":{"line":6,"column":16}},"5":{"start":{"line":8,"column":12},"end":{"line":8,"column":21}},"6":{"start":{"line":9,"column":13},"end":{"line":9,"column":17}},"7":{"start":{"line":11,"column":0},"end":{"line":11,"column":16}},"8":{"start":{"line":12,"column":0},"end":{"line":12,"column":24}},"9":{"start":{"line":14,"column":13},"end":{"line":20,"column":2}},"10":{"start":{"line":22,"column":0},"end":{"line":24,"column":3}},"11":{"start":{"line":23,"column":2},"end":{"line":23,"column":41}},"12":{"start":{"line":26,"column":0},"end":{"line":38,"column":3}},"13":{"start":{"line":27,"column":19},"end":{"line":27,"column":27}},"14":{"start":{"line":28,"column":2},"end":{"line":37,"column":3}},"15":{"start":{"line":29,"column":20},"end":{"line":32,"column":5}},"16":{"start":{"line":33,"column":4},"end":{"line":33,"column":42}},"17":{"start":{"line":35,"column":4},"end":{"line":35,"column":31}},"18":{"start":{"line":36,"column":4},"end":{"line":36,"column":58}},"19":{"start":{"line":40,"column":0},"end":{"line":48,"column":3}},"20":{"start":{"line":41,"column":2},"end":{"line":47,"column":3}},"21":{"start":{"line":42,"column":18},"end":{"line":42,"column":57}},"22":{"start":{"line":43,"column":4},"end":{"line":43,"column":25}},"23":{"start":{"line":45,"column":4},"end":{"line":45,"column":31}},"24":{"start":{"line":46,"column":4},"end":{"line":46,"column":61}},"25":{"start":{"line":50,"column":0},"end":{"line":63,"column":3}},"26":{"start":{"line":51,"column":17},"end":{"line":51,"column":27}},"27":{"start":{"line":52,"column":19},"end":{"line":52,"column":27}},"28":{"start":{"line":53,"column":2},"end":{"line":62,"column":3}},"29":{"start":{"line":54,"column":24},"end":{"line":57,"column":5}},"30":{"start":{"line":58,"column":4},"end":{"line":58,"column":34}},"31":{"start":{"line":60,"column":4},"end":{"line":60,"column":31}},"32":{"start":{"line":61,"column":4},"end":{"line":61,"column":61}},"33":{"start":{"line":65,"column":0},"end":{"line":74,"column":3}},"34":{"start":{"line":66,"column":17},"end":{"line":66,"column":27}},"35":{"start":{"line":67,"column":2},"end":{"line":73,"column":3}},"36":{"start":{"line":68,"column":4},"end":{"line":68,"column":62}},"37":{"start":{"line":69,"column":4},"end":{"line":69,"column":27}},"38":{"start":{"line":71,"column":4},"end":{"line":71,"column":31}},"39":{"start":{"line":72,"column":4},"end":{"line":72,"column":61}},"40":{"start":{"line":76,"column":0},"end":{"line":78,"column":3}},"41":{"start":{"line":77,"column":2},"end":{"line":77,"column":60}}},"fnMap":{"0":{"name":"(anonymous_0)","decl":{"start":{"line":22,"column":13},"end":{"line":22,"column":14}},"loc":{"start":{"line":22,"column":27},"end":{"line":24,"column":1}},"line":22},"1":{"name":"(anonymous_1)","decl":{"start":{"line":26,"column":19},"end":{"line":26,"column":20}},"loc":{"start":{"line":26,"column":39},"end":{"line":38,"column":1}},"line":26},"2":{"name":"(anonymous_2)","decl":{"start":{"line":40,"column":18},"end":{"line":40,"column":19}},"loc":{"start":{"line":40,"column":38},"end":{"line":48,"column":1}},"line":40},"3":{"name":"(anonymous_3)","decl":{"start":{"line":50,"column":22},"end":{"line":50,"column":23}},"loc":{"start":{"line":50,"column":42},"end":{"line":63,"column":1}},"line":50},"4":{"name":"(anonymous_4)","decl":{"start":{"line":65,"column":25},"end":{"line":65,"column":26}},"loc":{"start":{"line":65,"column":45},"end":{"line":74,"column":1}},"line":65},"5":{"name":"(anonymous_5)","decl":{"start":{"line":76,"column":17},"end":{"line":76,"column":18}},"loc":{"start":{"line":76,"column":23},"end":{"line":78,"column":1}},"line":76}},"branchMap":{},"s":{"0":1,"1":1,"2":1,"3":1,"4":1,"5":1,"6":1,"7":1,"8":1,"9":1,"10":1,"11":0,"12":1,"13":0,"14":0,"15":0,"16":0,"17":0,"18":0,"19":1,"20":0,"21":0,"22":0,"23":0,"24":0,"25":1,"26":0,"27":0,"28":0,"29":0,"30":0,"31":0,"32":0,"33":1,"34":0,"35":0,"36":0,"37":0,"38":0,"39":0,"40":1,"41":0},"f":{"0":0,"1":0,"2":0,"3":0,"4":0,"5":0},"b":{},"_coverageSchema":"1a1c01bbd47fc00a2c39e90264f33305004495a9","hash":"37736d918577b085d157e3c9685df79ce97056b1"}
}
